2021-08-27T10:36:18+00:00 CRITICAL Uncaught TypeError: array_keys(): Argument #1 ($array) must be of type array, bool given in C:\xampp\htdocs\dronelight\wp-content\plugins\wc-product-subtitle\vendor\wponion\wponion\core\db\class-option.php:180
Stack trace:
#0 C:\xampp\htdocs\dronelight\wp-content\plugins\wc-product-subtitle\vendor\wponion\wponion\core\db\class-option.php(180): array_keys(false)
#1 C:\xampp\htdocs\dronelight\wp-content\plugins\wc-product-subtitle\vendor\wponion\wponion\core\db\save-handler\class-settings-save-handler.php(62): WPOnion\DB\Option->valid()
#2 C:\xampp\htdocs\dronelight\wp-content\plugins\wc-product-subtitle\vendor\wponion\wponion\core\db\save-handler\class-settings-save-handler.php(50): WPOnion\DB\Save_Handler\Settings->array_merge(Array, Object(WPOnion\DB\Option))
#3 C:\xampp\htdocs\dronelight\wp-content\plugins\wc-product-subtitle\vendor\wponion\wponion\core\modules\settings\class-settings.php(156): WPOnion\DB\Save_Handler\Settings->run()
#4 C:\xampp\htdocs\dronelight\wp-includes\class-wp-hook.php(305): WPOnion\Modules\Settings\Settings->save_validate(Array)
#5 C:\xampp\htdocs\dronelight\wp-includes\plugin.php(189): WP_Hook->apply_filters(Array, Array)
#6 C:\xampp\htdocs\dronelight\wp-includes\formatting.php(4907): apply_filters('sanitize_option...', Array, '_wc_product_sub...', Array)
#7 C:\xampp\htdocs\dronelight\wp-includes\option.php(415): sanitize_option('_wc_product_sub...', Array)
#8 C:\xampp\htdocs\dronelight\wp-admin\options.php(314): update_option('_wc_product_sub...', Array)
#9 {main}
  thrown in C:\xampp\htdocs\dronelight\wp-content\plugins\wc-product-subtitle\vendor\wponion\wponion\core\db\class-option.php on line 180

2021-08-27T10:36:56+00:00 CRITICAL Uncaught TypeError: array_keys(): Argument #1 ($array) must be of type array, bool given in C:\xampp\htdocs\dronelight\wp-content\plugins\wc-product-subtitle\vendor\wponion\wponion\core\db\class-option.php:180
Stack trace:
#0 C:\xampp\htdocs\dronelight\wp-content\plugins\wc-product-subtitle\vendor\wponion\wponion\core\db\class-option.php(180): array_keys(false)
#1 C:\xampp\htdocs\dronelight\wp-content\plugins\wc-product-subtitle\vendor\wponion\wponion\core\db\save-handler\class-settings-save-handler.php(62): WPOnion\DB\Option->valid()
#2 C:\xampp\htdocs\dronelight\wp-content\plugins\wc-product-subtitle\vendor\wponion\wponion\core\db\save-handler\class-settings-save-handler.php(50): WPOnion\DB\Save_Handler\Settings->array_merge(Array, Object(WPOnion\DB\Option))
#3 C:\xampp\htdocs\dronelight\wp-content\plugins\wc-product-subtitle\vendor\wponion\wponion\core\modules\settings\class-settings.php(156): WPOnion\DB\Save_Handler\Settings->run()
#4 C:\xampp\htdocs\dronelight\wp-includes\class-wp-hook.php(305): WPOnion\Modules\Settings\Settings->save_validate(Array)
#5 C:\xampp\htdocs\dronelight\wp-includes\plugin.php(189): WP_Hook->apply_filters(Array, Array)
#6 C:\xampp\htdocs\dronelight\wp-includes\formatting.php(4907): apply_filters('sanitize_option...', Array, '_wc_product_sub...', Array)
#7 C:\xampp\htdocs\dronelight\wp-includes\option.php(415): sanitize_option('_wc_product_sub...', Array)
#8 C:\xampp\htdocs\dronelight\wp-admin\options.php(314): update_option('_wc_product_sub...', Array)
#9 {main}
  thrown in C:\xampp\htdocs\dronelight\wp-content\plugins\wc-product-subtitle\vendor\wponion\wponion\core\db\class-option.php on line 180

2021-08-27T10:37:01+00:00 CRITICAL Uncaught TypeError: array_keys(): Argument #1 ($array) must be of type array, bool given in C:\xampp\htdocs\dronelight\wp-content\plugins\wc-product-subtitle\vendor\wponion\wponion\core\db\class-option.php:180
Stack trace:
#0 C:\xampp\htdocs\dronelight\wp-content\plugins\wc-product-subtitle\vendor\wponion\wponion\core\db\class-option.php(180): array_keys(false)
#1 C:\xampp\htdocs\dronelight\wp-content\plugins\wc-product-subtitle\vendor\wponion\wponion\core\db\save-handler\class-settings-save-handler.php(62): WPOnion\DB\Option->valid()
#2 C:\xampp\htdocs\dronelight\wp-content\plugins\wc-product-subtitle\vendor\wponion\wponion\core\db\save-handler\class-settings-save-handler.php(50): WPOnion\DB\Save_Handler\Settings->array_merge(Array, Object(WPOnion\DB\Option))
#3 C:\xampp\htdocs\dronelight\wp-content\plugins\wc-product-subtitle\vendor\wponion\wponion\core\modules\settings\class-settings.php(156): WPOnion\DB\Save_Handler\Settings->run()
#4 C:\xampp\htdocs\dronelight\wp-includes\class-wp-hook.php(305): WPOnion\Modules\Settings\Settings->save_validate(Array)
#5 C:\xampp\htdocs\dronelight\wp-includes\plugin.php(189): WP_Hook->apply_filters(Array, Array)
#6 C:\xampp\htdocs\dronelight\wp-includes\formatting.php(4907): apply_filters('sanitize_option...', Array, '_wc_product_sub...', Array)
#7 C:\xampp\htdocs\dronelight\wp-includes\option.php(415): sanitize_option('_wc_product_sub...', Array)
#8 C:\xampp\htdocs\dronelight\wp-admin\options.php(314): update_option('_wc_product_sub...', Array)
#9 {main}
  thrown in C:\xampp\htdocs\dronelight\wp-content\plugins\wc-product-subtitle\vendor\wponion\wponion\core\db\class-option.php on line 180

2021-08-27T10:37:55+00:00 CRITICAL Uncaught TypeError: method_exists(): Argument #1 ($object_or_class) must be of type object|string, array given in C:\xampp\htdocs\dronelight\wp-content\plugins\wc-product-subtitle\vendor\wponion\wponion\core\abstract\abstract-field.php:382
Stack trace:
#0 C:\xampp\htdocs\dronelight\wp-content\plugins\wc-product-subtitle\vendor\wponion\wponion\core\abstract\abstract-field.php(382): method_exists(Array, 'containers')
#1 C:\xampp\htdocs\dronelight\wp-content\plugins\wc-product-subtitle\vendor\wponion\wponion\core\abstract\field\abstract-error.php(24): WPOnion\Field->name()
#2 C:\xampp\htdocs\dronelight\wp-content\plugins\wc-product-subtitle\vendor\wponion\wponion\core\abstract\abstract-field.php(41): WPOnion\Bridge\Field\Error->get_errors()
#3 C:\xampp\htdocs\dronelight\wp-content\plugins\wc-product-subtitle\vendor\wponion\wponion\core\functions\field.php(154): WPOnion\Field->__construct(Array, Array, '')
#4 C:\xampp\htdocs\dronelight\wp-content\plugins\wc-product-subtitle\vendor\wponion\wponion\core\functions\field.php(183): wponion_field(Array, Array, '')
#5 C:\xampp\htdocs\dronelight\wp-content\plugins\wc-product-subtitle\vendor\wponion\wponion\core\wp\sysinfo\class-sysinfo.php(81): wponion_add_element(Array)
#6 C:\xampp\htdocs\dronelight\wp-content\plugins\wc-product-subtitle\vendor\wponion\wponion\core\wp\sysinfo\class-sysinfo.php(31): WPOnion\WP\Sysinfo\Sysinfo::render_html(Array, Array, Object(WPO\Container))
#7 C:\xampp\htdocs\dronelight\wp-content\plugins\wc-product-subtitle\vendor\wponion\wponion\core\functions\modules.php(87): WPOnion\WP\Sysinfo\Sysinfo::get(Object(WPO\Container))
#8 C:\xampp\htdocs\dronelight\wp-content\plugins\wc-product-subtitle\vendor\wponion\wponion\core\functions\utilities.php(77): wponion_sysinfo(Object(WPO\Container))
#9 C:\xampp\htdocs\dronelight\wp-content\plugins\wc-product-subtitle\vendor\wponion\wponion\includes\templates\global\parts\settings\content.php(56): wponion_callback('wponion_sysinfo', Array)
#10 C:\xampp\htdocs\dronelight\wp-content\plugins\wc-product-subtitle\vendor\wponion\wponion\includes\templates\global\settings.php(11): include('C:\\xampp\\htdocs...')
#11 C:\xampp\htdocs\dronelight\wp-content\plugins\wc-product-subtitle\vendor\wponion\wponion\includes\templates\wp\settings.php(4): include('C:\\xampp\\htdocs...')
#12 C:\xampp\htdocs\dronelight\wp-content\plugins\wc-product-subtitle\vendor\wponion\wponion\core\abstract\abstract-theme-api.php(133): include('C:\\xampp\\htdocs...')
#13 C:\xampp\htdocs\dronelight\wp-content\plugins\wc-product-subtitle\vendor\wponion\wponion\core\modules\settings\class-settings.php(214): WPOnion\Theme_API->render()
#14 C:\xampp\htdocs\dronelight\wp-content\plugins\wc-product-subtitle\vendor\wponion\wponion\core\functions\utilities.php(77): WPOnion\Modules\Settings\Settings->render(Object(WPOnion\Modules\Admin\Page))
#15 C:\xampp\htdocs\dronelight\wp-content\plugins\wc-product-subtitle\vendor\wponion\wponion\core\modules\admin\class-page.php(440): wponion_callback(Array, Array)
#16 C:\xampp\htdocs\dronelight\wp-includes\class-wp-hook.php(303): WPOnion\Modules\Admin\Page->render('')
#17 C:\xampp\htdocs\dronelight\wp-includes\class-wp-hook.php(327): WP_Hook->apply_filters('', Array)
#18 C:\xampp\htdocs\dronelight\wp-includes\plugin.php(470): WP_Hook->do_action(Array)
#19 C:\xampp\htdocs\dronelight\wp-admin\admin.php(259): do_action('woocommerce_pag...')
#20 {main}
  thrown in C:\xampp\htdocs\dronelight\wp-content\plugins\wc-product-subtitle\vendor\wponion\wponion\core\abstract\abstract-field.php on line 382

2021-08-27T10:38:11+00:00 CRITICAL Uncaught TypeError: array_keys(): Argument #1 ($array) must be of type array, bool given in C:\xampp\htdocs\dronelight\wp-content\plugins\wc-product-subtitle\vendor\wponion\wponion\core\db\class-option.php:180
Stack trace:
#0 C:\xampp\htdocs\dronelight\wp-content\plugins\wc-product-subtitle\vendor\wponion\wponion\core\db\class-option.php(180): array_keys(false)
#1 C:\xampp\htdocs\dronelight\wp-content\plugins\wc-product-subtitle\vendor\wponion\wponion\core\db\save-handler\class-settings-save-handler.php(62): WPOnion\DB\Option->valid()
#2 C:\xampp\htdocs\dronelight\wp-content\plugins\wc-product-subtitle\vendor\wponion\wponion\core\db\save-handler\class-settings-save-handler.php(50): WPOnion\DB\Save_Handler\Settings->array_merge(Array, Object(WPOnion\DB\Option))
#3 C:\xampp\htdocs\dronelight\wp-content\plugins\wc-product-subtitle\vendor\wponion\wponion\core\modules\settings\class-settings.php(156): WPOnion\DB\Save_Handler\Settings->run()
#4 C:\xampp\htdocs\dronelight\wp-includes\class-wp-hook.php(305): WPOnion\Modules\Settings\Settings->save_validate(Array)
#5 C:\xampp\htdocs\dronelight\wp-includes\plugin.php(189): WP_Hook->apply_filters(Array, Array)
#6 C:\xampp\htdocs\dronelight\wp-includes\formatting.php(4907): apply_filters('sanitize_option...', Array, '_wc_product_sub...', Array)
#7 C:\xampp\htdocs\dronelight\wp-includes\option.php(415): sanitize_option('_wc_product_sub...', Array)
#8 C:\xampp\htdocs\dronelight\wp-admin\options.php(314): update_option('_wc_product_sub...', Array)
#9 {main}
  thrown in C:\xampp\htdocs\dronelight\wp-content\plugins\wc-product-subtitle\vendor\wponion\wponion\core\db\class-option.php on line 180

2021-08-27T11:12:36+00:00 CRITICAL Uncaught TypeError: method_exists(): Argument #1 ($object_or_class) must be of type object|string, array given in C:\xampp\htdocs\dronelight\wp-content\plugins\wc-product-subtitle\vendor\wponion\wponion\core\abstract\abstract-field.php:382
Stack trace:
#0 C:\xampp\htdocs\dronelight\wp-content\plugins\wc-product-subtitle\vendor\wponion\wponion\core\abstract\abstract-field.php(382): method_exists(Array, 'containers')
#1 C:\xampp\htdocs\dronelight\wp-content\plugins\wc-product-subtitle\vendor\wponion\wponion\core\abstract\field\abstract-error.php(24): WPOnion\Field->name()
#2 C:\xampp\htdocs\dronelight\wp-content\plugins\wc-product-subtitle\vendor\wponion\wponion\core\abstract\abstract-field.php(41): WPOnion\Bridge\Field\Error->get_errors()
#3 C:\xampp\htdocs\dronelight\wp-content\plugins\wc-product-subtitle\vendor\wponion\wponion\core\functions\field.php(154): WPOnion\Field->__construct(Array, Array, '')
#4 C:\xampp\htdocs\dronelight\wp-content\plugins\wc-product-subtitle\vendor\wponion\wponion\core\functions\field.php(183): wponion_field(Array, Array, '')
#5 C:\xampp\htdocs\dronelight\wp-content\plugins\wc-product-subtitle\vendor\wponion\wponion\core\wp\sysinfo\class-sysinfo.php(81): wponion_add_element(Array)
#6 C:\xampp\htdocs\dronelight\wp-content\plugins\wc-product-subtitle\vendor\wponion\wponion\core\wp\sysinfo\class-sysinfo.php(31): WPOnion\WP\Sysinfo\Sysinfo::render_html(Array, Array, Object(WPO\Container))
#7 C:\xampp\htdocs\dronelight\wp-content\plugins\wc-product-subtitle\vendor\wponion\wponion\core\functions\modules.php(87): WPOnion\WP\Sysinfo\Sysinfo::get(Object(WPO\Container))
#8 C:\xampp\htdocs\dronelight\wp-content\plugins\wc-product-subtitle\vendor\wponion\wponion\core\functions\utilities.php(77): wponion_sysinfo(Object(WPO\Container))
#9 C:\xampp\htdocs\dronelight\wp-content\plugins\wc-product-subtitle\vendor\wponion\wponion\includes\templates\global\parts\settings\content.php(56): wponion_callback('wponion_sysinfo', Array)
#10 C:\xampp\htdocs\dronelight\wp-content\plugins\wc-product-subtitle\vendor\wponion\wponion\includes\templates\global\settings.php(11): include('C:\\xampp\\htdocs...')
#11 C:\xampp\htdocs\dronelight\wp-content\plugins\wc-product-subtitle\vendor\wponion\wponion\includes\templates\wp\settings.php(4): include('C:\\xampp\\htdocs...')
#12 C:\xampp\htdocs\dronelight\wp-content\plugins\wc-product-subtitle\vendor\wponion\wponion\core\abstract\abstract-theme-api.php(133): include('C:\\xampp\\htdocs...')
#13 C:\xampp\htdocs\dronelight\wp-content\plugins\wc-product-subtitle\vendor\wponion\wponion\core\modules\settings\class-settings.php(214): WPOnion\Theme_API->render()
#14 C:\xampp\htdocs\dronelight\wp-content\plugins\wc-product-subtitle\vendor\wponion\wponion\core\functions\utilities.php(77): WPOnion\Modules\Settings\Settings->render(Object(WPOnion\Modules\Admin\Page))
#15 C:\xampp\htdocs\dronelight\wp-content\plugins\wc-product-subtitle\vendor\wponion\wponion\core\modules\admin\class-page.php(440): wponion_callback(Array, Array)
#16 C:\xampp\htdocs\dronelight\wp-includes\class-wp-hook.php(303): WPOnion\Modules\Admin\Page->render('')
#17 C:\xampp\htdocs\dronelight\wp-includes\class-wp-hook.php(327): WP_Hook->apply_filters('', Array)
#18 C:\xampp\htdocs\dronelight\wp-includes\plugin.php(470): WP_Hook->do_action(Array)
#19 C:\xampp\htdocs\dronelight\wp-admin\admin.php(259): do_action('woocommerce_pag...')
#20 {main}
  thrown in C:\xampp\htdocs\dronelight\wp-content\plugins\wc-product-subtitle\vendor\wponion\wponion\core\abstract\abstract-field.php on line 382

2021-08-27T11:12:46+00:00 CRITICAL Uncaught TypeError: method_exists(): Argument #1 ($object_or_class) must be of type object|string, array given in C:\xampp\htdocs\dronelight\wp-content\plugins\wc-product-subtitle\vendor\wponion\wponion\core\abstract\abstract-field.php:382
Stack trace:
#0 C:\xampp\htdocs\dronelight\wp-content\plugins\wc-product-subtitle\vendor\wponion\wponion\core\abstract\abstract-field.php(382): method_exists(Array, 'containers')
#1 C:\xampp\htdocs\dronelight\wp-content\plugins\wc-product-subtitle\vendor\wponion\wponion\core\abstract\field\abstract-error.php(24): WPOnion\Field->name()
#2 C:\xampp\htdocs\dronelight\wp-content\plugins\wc-product-subtitle\vendor\wponion\wponion\core\abstract\abstract-field.php(41): WPOnion\Bridge\Field\Error->get_errors()
#3 C:\xampp\htdocs\dronelight\wp-content\plugins\wc-product-subtitle\vendor\wponion\wponion\core\functions\field.php(154): WPOnion\Field->__construct(Array, Array, '')
#4 C:\xampp\htdocs\dronelight\wp-content\plugins\wc-product-subtitle\vendor\wponion\wponion\core\functions\field.php(183): wponion_field(Array, Array, '')
#5 C:\xampp\htdocs\dronelight\wp-content\plugins\wc-product-subtitle\vendor\wponion\wponion\core\wp\sysinfo\class-sysinfo.php(81): wponion_add_element(Array)
#6 C:\xampp\htdocs\dronelight\wp-content\plugins\wc-product-subtitle\vendor\wponion\wponion\core\wp\sysinfo\class-sysinfo.php(31): WPOnion\WP\Sysinfo\Sysinfo::render_html(Array, Array, Object(WPO\Container))
#7 C:\xampp\htdocs\dronelight\wp-content\plugins\wc-product-subtitle\vendor\wponion\wponion\core\functions\modules.php(87): WPOnion\WP\Sysinfo\Sysinfo::get(Object(WPO\Container))
#8 C:\xampp\htdocs\dronelight\wp-content\plugins\wc-product-subtitle\vendor\wponion\wponion\core\functions\utilities.php(77): wponion_sysinfo(Object(WPO\Container))
#9 C:\xampp\htdocs\dronelight\wp-content\plugins\wc-product-subtitle\vendor\wponion\wponion\includes\templates\global\parts\settings\content.php(56): wponion_callback('wponion_sysinfo', Array)
#10 C:\xampp\htdocs\dronelight\wp-content\plugins\wc-product-subtitle\vendor\wponion\wponion\includes\templates\global\settings.php(11): include('C:\\xampp\\htdocs...')
#11 C:\xampp\htdocs\dronelight\wp-content\plugins\wc-product-subtitle\vendor\wponion\wponion\includes\templates\wp\settings.php(4): include('C:\\xampp\\htdocs...')
#12 C:\xampp\htdocs\dronelight\wp-content\plugins\wc-product-subtitle\vendor\wponion\wponion\core\abstract\abstract-theme-api.php(133): include('C:\\xampp\\htdocs...')
#13 C:\xampp\htdocs\dronelight\wp-content\plugins\wc-product-subtitle\vendor\wponion\wponion\core\modules\settings\class-settings.php(214): WPOnion\Theme_API->render()
#14 C:\xampp\htdocs\dronelight\wp-content\plugins\wc-product-subtitle\vendor\wponion\wponion\core\functions\utilities.php(77): WPOnion\Modules\Settings\Settings->render(Object(WPOnion\Modules\Admin\Page))
#15 C:\xampp\htdocs\dronelight\wp-content\plugins\wc-product-subtitle\vendor\wponion\wponion\core\modules\admin\class-page.php(440): wponion_callback(Array, Array)
#16 C:\xampp\htdocs\dronelight\wp-includes\class-wp-hook.php(303): WPOnion\Modules\Admin\Page->render('')
#17 C:\xampp\htdocs\dronelight\wp-includes\class-wp-hook.php(327): WP_Hook->apply_filters('', Array)
#18 C:\xampp\htdocs\dronelight\wp-includes\plugin.php(470): WP_Hook->do_action(Array)
#19 C:\xampp\htdocs\dronelight\wp-admin\admin.php(259): do_action('woocommerce_pag...')
#20 {main}
  thrown in C:\xampp\htdocs\dronelight\wp-content\plugins\wc-product-subtitle\vendor\wponion\wponion\core\abstract\abstract-field.php on line 382

2021-08-27T11:12:55+00:00 CRITICAL Uncaught TypeError: array_keys(): Argument #1 ($array) must be of type array, bool given in C:\xampp\htdocs\dronelight\wp-content\plugins\wc-product-subtitle\vendor\wponion\wponion\core\db\class-option.php:180
Stack trace:
#0 C:\xampp\htdocs\dronelight\wp-content\plugins\wc-product-subtitle\vendor\wponion\wponion\core\db\class-option.php(180): array_keys(false)
#1 C:\xampp\htdocs\dronelight\wp-content\plugins\wc-product-subtitle\vendor\wponion\wponion\core\db\save-handler\class-settings-save-handler.php(62): WPOnion\DB\Option->valid()
#2 C:\xampp\htdocs\dronelight\wp-content\plugins\wc-product-subtitle\vendor\wponion\wponion\core\db\save-handler\class-settings-save-handler.php(50): WPOnion\DB\Save_Handler\Settings->array_merge(Array, Object(WPOnion\DB\Option))
#3 C:\xampp\htdocs\dronelight\wp-content\plugins\wc-product-subtitle\vendor\wponion\wponion\core\modules\settings\class-settings.php(156): WPOnion\DB\Save_Handler\Settings->run()
#4 C:\xampp\htdocs\dronelight\wp-includes\class-wp-hook.php(305): WPOnion\Modules\Settings\Settings->save_validate(Array)
#5 C:\xampp\htdocs\dronelight\wp-includes\plugin.php(189): WP_Hook->apply_filters(Array, Array)
#6 C:\xampp\htdocs\dronelight\wp-includes\formatting.php(4907): apply_filters('sanitize_option...', Array, '_wc_product_sub...', Array)
#7 C:\xampp\htdocs\dronelight\wp-includes\option.php(415): sanitize_option('_wc_product_sub...', Array)
#8 C:\xampp\htdocs\dronelight\wp-admin\options.php(314): update_option('_wc_product_sub...', Array)
#9 {main}
  thrown in C:\xampp\htdocs\dronelight\wp-content\plugins\wc-product-subtitle\vendor\wponion\wponion\core\db\class-option.php on line 180

2021-08-27T11:39:40+00:00 CRITICAL Uncaught TypeError: array_keys(): Argument #1 ($array) must be of type array, bool given in C:\xampp\htdocs\dronelight\wp-content\plugins\wc-product-subtitle\vendor\wponion\wponion\core\db\class-option.php:180
Stack trace:
#0 C:\xampp\htdocs\dronelight\wp-content\plugins\wc-product-subtitle\vendor\wponion\wponion\core\db\class-option.php(180): array_keys(false)
#1 C:\xampp\htdocs\dronelight\wp-content\plugins\wc-product-subtitle\vendor\wponion\wponion\core\db\save-handler\class-settings-save-handler.php(62): WPOnion\DB\Option->valid()
#2 C:\xampp\htdocs\dronelight\wp-content\plugins\wc-product-subtitle\vendor\wponion\wponion\core\db\save-handler\class-settings-save-handler.php(50): WPOnion\DB\Save_Handler\Settings->array_merge(Array, Object(WPOnion\DB\Option))
#3 C:\xampp\htdocs\dronelight\wp-content\plugins\wc-product-subtitle\vendor\wponion\wponion\core\modules\settings\class-settings.php(156): WPOnion\DB\Save_Handler\Settings->run()
#4 C:\xampp\htdocs\dronelight\wp-includes\class-wp-hook.php(305): WPOnion\Modules\Settings\Settings->save_validate(Array)
#5 C:\xampp\htdocs\dronelight\wp-includes\plugin.php(189): WP_Hook->apply_filters(Array, Array)
#6 C:\xampp\htdocs\dronelight\wp-includes\formatting.php(4907): apply_filters('sanitize_option...', Array, '_wc_product_sub...', Array)
#7 C:\xampp\htdocs\dronelight\wp-includes\option.php(415): sanitize_option('_wc_product_sub...', Array)
#8 C:\xampp\htdocs\dronelight\wp-admin\options.php(314): update_option('_wc_product_sub...', Array)
#9 {main}
  thrown in C:\xampp\htdocs\dronelight\wp-content\plugins\wc-product-subtitle\vendor\wponion\wponion\core\db\class-option.php on line 180

2021-08-27T11:40:49+00:00 CRITICAL Uncaught TypeError: array_keys(): Argument #1 ($array) must be of type array, bool given in C:\xampp\htdocs\dronelight\wp-content\plugins\wc-product-subtitle\vendor\wponion\wponion\core\db\class-option.php:180
Stack trace:
#0 C:\xampp\htdocs\dronelight\wp-content\plugins\wc-product-subtitle\vendor\wponion\wponion\core\db\class-option.php(180): array_keys(false)
#1 C:\xampp\htdocs\dronelight\wp-content\plugins\wc-product-subtitle\vendor\wponion\wponion\core\db\save-handler\class-settings-save-handler.php(62): WPOnion\DB\Option->valid()
#2 C:\xampp\htdocs\dronelight\wp-content\plugins\wc-product-subtitle\vendor\wponion\wponion\core\db\save-handler\class-settings-save-handler.php(50): WPOnion\DB\Save_Handler\Settings->array_merge(Array, Object(WPOnion\DB\Option))
#3 C:\xampp\htdocs\dronelight\wp-content\plugins\wc-product-subtitle\vendor\wponion\wponion\core\modules\settings\class-settings.php(156): WPOnion\DB\Save_Handler\Settings->run()
#4 C:\xampp\htdocs\dronelight\wp-includes\class-wp-hook.php(305): WPOnion\Modules\Settings\Settings->save_validate(Array)
#5 C:\xampp\htdocs\dronelight\wp-includes\plugin.php(189): WP_Hook->apply_filters(Array, Array)
#6 C:\xampp\htdocs\dronelight\wp-includes\formatting.php(4907): apply_filters('sanitize_option...', Array, '_wc_product_sub...', Array)
#7 C:\xampp\htdocs\dronelight\wp-includes\option.php(415): sanitize_option('_wc_product_sub...', Array)
#8 C:\xampp\htdocs\dronelight\wp-admin\options.php(314): update_option('_wc_product_sub...', Array)
#9 {main}
  thrown in C:\xampp\htdocs\dronelight\wp-content\plugins\wc-product-subtitle\vendor\wponion\wponion\core\db\class-option.php on line 180

2021-08-27T11:57:27+00:00 CRITICAL Uncaught TypeError: method_exists(): Argument #1 ($object_or_class) must be of type object|string, array given in C:\xampp\htdocs\dronelight\wp-content\plugins\wc-product-subtitle-4.5.2\vendor\wponion\wponion\core\abstract\abstract-field.php:382
Stack trace:
#0 C:\xampp\htdocs\dronelight\wp-content\plugins\wc-product-subtitle-4.5.2\vendor\wponion\wponion\core\abstract\abstract-field.php(382): method_exists(Array, 'containers')
#1 C:\xampp\htdocs\dronelight\wp-content\plugins\wc-product-subtitle-4.5.2\vendor\wponion\wponion\core\abstract\field\abstract-error.php(24): WPOnion\Field->name()
#2 C:\xampp\htdocs\dronelight\wp-content\plugins\wc-product-subtitle-4.5.2\vendor\wponion\wponion\core\abstract\abstract-field.php(41): WPOnion\Bridge\Field\Error->get_errors()
#3 C:\xampp\htdocs\dronelight\wp-content\plugins\wc-product-subtitle-4.5.2\vendor\wponion\wponion\core\functions\field.php(154): WPOnion\Field->__construct(Array, Array, '')
#4 C:\xampp\htdocs\dronelight\wp-content\plugins\wc-product-subtitle-4.5.2\vendor\wponion\wponion\core\functions\field.php(183): wponion_field(Array, Array, '')
#5 C:\xampp\htdocs\dronelight\wp-content\plugins\wc-product-subtitle-4.5.2\vendor\wponion\wponion\core\wp\sysinfo\class-sysinfo.php(81): wponion_add_element(Array)
#6 C:\xampp\htdocs\dronelight\wp-content\plugins\wc-product-subtitle-4.5.2\vendor\wponion\wponion\core\wp\sysinfo\class-sysinfo.php(31): WPOnion\WP\Sysinfo\Sysinfo::render_html(Array, Array, Object(WPO\Container))
#7 C:\xampp\htdocs\dronelight\wp-content\plugins\wc-product-subtitle-4.5.2\vendor\wponion\wponion\core\functions\modules.php(87): WPOnion\WP\Sysinfo\Sysinfo::get(Object(WPO\Container))
#8 C:\xampp\htdocs\dronelight\wp-content\plugins\wc-product-subtitle-4.5.2\vendor\wponion\wponion\core\functions\utilities.php(77): wponion_sysinfo(Object(WPO\Container))
#9 C:\xampp\htdocs\dronelight\wp-content\plugins\wc-product-subtitle-4.5.2\vendor\wponion\wponion\includes\templates\global\parts\settings\content.php(56): wponion_callback('wponion_sysinfo', Array)
#10 C:\xampp\htdocs\dronelight\wp-content\plugins\wc-product-subtitle-4.5.2\vendor\wponion\wponion\includes\templates\global\settings.php(11): include('C:\\xampp\\htdocs...')
#11 C:\xampp\htdocs\dronelight\wp-content\plugins\wc-product-subtitle-4.5.2\vendor\wponion\wponion\includes\templates\wp\settings.php(4): include('C:\\xampp\\htdocs...')
#12 C:\xampp\htdocs\dronelight\wp-content\plugins\wc-product-subtitle-4.5.2\vendor\wponion\wponion\core\abstract\abstract-theme-api.php(133): include('C:\\xampp\\htdocs...')
#13 C:\xampp\htdocs\dronelight\wp-content\plugins\wc-product-subtitle-4.5.2\vendor\wponion\wponion\core\modules\settings\class-settings.php(223): WPOnion\Theme_API->render()
#14 C:\xampp\htdocs\dronelight\wp-content\plugins\wc-product-subtitle-4.5.2\vendor\wponion\wponion\core\functions\utilities.php(77): WPOnion\Modules\Settings\Settings->render(Object(WPOnion\Modules\Admin\Page))
#15 C:\xampp\htdocs\dronelight\wp-content\plugins\wc-product-subtitle-4.5.2\vendor\wponion\wponion\core\modules\admin\class-page.php(550): wponion_callback(Array, Array)
#16 C:\xampp\htdocs\dronelight\wp-includes\class-wp-hook.php(303): WPOnion\Modules\Admin\Page->render('')
#17 C:\xampp\htdocs\dronelight\wp-includes\class-wp-hook.php(327): WP_Hook->apply_filters('', Array)
#18 C:\xampp\htdocs\dronelight\wp-includes\plugin.php(470): WP_Hook->do_action(Array)
#19 C:\xampp\htdocs\dronelight\wp-admin\admin.php(259): do_action('woocommerce_pag...')
#20 {main}
  thrown in C:\xampp\htdocs\dronelight\wp-content\plugins\wc-product-subtitle-4.5.2\vendor\wponion\wponion\core\abstract\abstract-field.php on line 382

